0:100  0:100  MemLog inited, TSC freq: 3600497740
0:100  0:000  CPU was calibrated with RTC
0:100  0:000  
0:100  0:000  Now is 12.04.2020,  14:07:00 (GMT)
0:100  0:000  Starting Clover revision: 5107 (master, commit 84306ecbd) on American Megatrends EFI
0:100  0:000  Build with: [Args: -D NO_GRUB_DRIVERS_EMBEDDED -t GCC53 | -D NO_GRUB_DRIVERS_EMBEDDED --conf=/Users/sky/git/CloverBootloader/Conf -D USE_LOW_EBDA -a X64 -b RELEASE -t GCC53 -n 13 | OS: 10.15.4]
0:100  0:000  SelfDevicePath=PciRoot(0x0)\Pci(0x14,0x0)\USB(0x9,0x0)\HD(1,GPT,3E132DB3-5F03-4E62-AE56-B2589C909217,0x22,0x64000) @3A4D4118
0:100  0:000  SelfDirPath = \EFI\BOOT
0:100  0:000  Clover : Image base = 0x33599000
0:578  0:478  SimpleTextEx Status=Success
0:578  0:000  === [ Get Smbios ] ==============================
0:578  0:000  Type 16 Index = 0
0:578  0:000  Total Memory Slots Count = 4
0:578  0:000  Type 17 Index = 0
0:578  0:000  SmbiosTable.Type17->Speed = 2400MHz
0:578  0:000  SmbiosTable.Type17->Size = 8192MB
0:578  0:000  SmbiosTable.Type17->Bank/Device = BANK 0 ChannelA-DIMM0
0:578  0:000  SmbiosTable.Type17->Vendor = Kingston
0:578  0:000  SmbiosTable.Type17->SerialNumber = 01CA8D4D
0:578  0:000  SmbiosTable.Type17->PartNumber = KHX3200C16D4/8GX    
0:578  0:000  Type 17 Index = 1
0:578  0:000  Ignoring insane frequency value 0MHz
0:578  0:000  SmbiosTable.Type17->Speed = 0MHz
0:578  0:000  SmbiosTable.Type17->Size = 0MB
0:578  0:000  SmbiosTable.Type17->Bank/Device = BANK 1 ChannelA-DIMM1
0:578  0:000  SmbiosTable.Type17->Vendor = 
0:578  0:000  SmbiosTable.Type17->SerialNumber = 
0:578  0:000  SmbiosTable.Type17->PartNumber = 
0:578  0:000  Type 17 Index = 2
0:578  0:000  SmbiosTable.Type17->Speed = 2400MHz
0:578  0:000  SmbiosTable.Type17->Size = 8192MB
0:578  0:000  SmbiosTable.Type17->Bank/Device = BANK 2 ChannelB-DIMM0
0:578  0:000  SmbiosTable.Type17->Vendor = Kingston
0:578  0:000  SmbiosTable.Type17->SerialNumber = AC8A8DC5
0:578  0:000  SmbiosTable.Type17->PartNumber = KHX3200C16D4/8GX    
0:578  0:000  Type 17 Index = 3
0:578  0:000  Ignoring insane frequency value 0MHz
0:578  0:000  SmbiosTable.Type17->Speed = 0MHz
0:578  0:000  SmbiosTable.Type17->Size = 0MB
0:578  0:000  SmbiosTable.Type17->Bank/Device = BANK 3 ChannelB-DIMM1
0:578  0:000  SmbiosTable.Type17->Vendor = 
0:578  0:000  SmbiosTable.Type17->SerialNumber = 
0:578  0:000  SmbiosTable.Type17->PartNumber = 
0:578  0:000  Boot status=0
0:578  0:000  Running on: 'Z390 GAMING X' with board 'Z390 GAMING X-CF'
0:578  0:000  === [ GetCPUProperties ] ========================
0:578  0:000  CPU Vendor = 756E6547 Model=906ED
0:578  0:000   The CPU supported SSE4.1
0:578  0:000  BrandString = Intel(R) Core(TM) i7-9700K CPU @ 3.60GHz
0:578  0:000   The CPU supported turbo
0:578  0:000  MSR 0x35               80008
0:578  0:000   TSC/CCC Information Leaf:
0:578  0:000    numerator     : 300
0:578  0:000    denominator   : 2
0:578  0:000   Calibrated ARTFrequency: 24003318
0:578  0:000   Rounded ARTFrequency: 24000000
0:578  0:000  MSR 0xE2 before patch 1E000000
0:578  0:000  MSR 0xCE              08080838_8080838F1012400
0:578  0:000  corrected FLEX_RATIO = E0000
0:578  0:000  FSBFrequency = 127 MHz, DMI FSBFrequency = 100 MHz, Corrected FSBFrequency = 100 MHz
0:578  0:000  MaxDiv/MinDiv: 36.0/8
0:578  0:000  Turbo: 47/48/48/49
0:578  0:000  Features: 0x77FAFBFFBFEBFBFF
0:578  0:000  Threads: 8
0:578  0:000  Cores: 8
0:578  0:000  FSB: 100 MHz
0:578  0:000  CPU: 4554 MHz
0:578  0:000  TSC: 4554 MHz
0:578  0:000  PIS: 100 MHz
0:578  0:000  ExternalClock: 25 MHz
0:578  0:000  === [ GetDevices ] ==============================
0:578  0:000  GOP found at: PciRoot(0x0)/Pci(0x1,0x0)/Pci(0x0,0x0)/Pci(0x0,0x0)/Pci(0x0,0x0)/AcpiAdr(0x80010302)
0:578  0:000  PCI (00|00:00.00) : 8086 3E30 class=060000
0:578  0:000  PCI (00|00:01.00) : 8086 1901 class=060400
0:578  0:000  PCI (00|01:00.00) : 1002 1478 class=060400
0:578  0:000  PCI (00|02:00.00) : 1002 1479 class=060400
0:578  0:000  PCI (00|03:00.00) : 1002 7340 class=030000
0:578  0:000   - GOP: Provided by device
0:578  0:000   - GFX: Model=AMD Unknown (ATI/AMD)
0:578  0:000  PCI (00|03:00.01) : 1002 AB38 class=040300
0:578  0:000   - HDMI Audio: 
0:578  0:000  PCI (00|00:12.00) : 8086 A379 class=118000
0:579  0:000  PCI (00|00:14.00) : 8086 A36D class=0C0330
0:579  0:000  PCI (00|00:14.02) : 8086 A36F class=050000
0:579  0:000  PCI (00|00:16.00) : 8086 A360 class=078000
0:579  0:000  PCI (00|00:17.00) : 8086 A352 class=010601
0:579  0:000  PCI (00|00:1B.00) : 8086 A340 class=060400
0:579  0:000  PCI (00|00:1C.00) : 8086 A338 class=060400
0:579  0:000  PCI (00|00:1C.07) : 8086 A33F class=060400
0:579  0:000  PCI (00|06:00.00) : 14E4 43A0 class=028000
0:579  0:000   - WIFI: Vendor=5348Broadcom
0:579  0:000  PCI (00|00:1D.00) : 8086 A330 class=060400
0:579  0:000  PCI (00|07:00.00) : 144D A808 class=010802
0:579  0:000  PCI (00|00:1F.00) : 8086 A305 class=060100
0:579  0:000  PCI (00|00:1F.03) : 8086 A348 class=040300
0:579  0:000  PCI (00|00:1F.04) : 8086 A323 class=0C0500
0:579  0:000  PCI (00|00:1F.05) : 8086 A324 class=0C8000
0:579  0:000  PCI (00|00:1F.06) : 8086 15BC class=020000
0:579  0:000   - LAN: 0 Vendor=Intel
0:579  0:000  === [ GetDefaultSettings ] ======================
0:579  0:000  Clover load options size = 0 bytes
0:591  0:012  CheckOEMPathExists tried EFI\CLOVER\OEM\Z390 GAMING X--00-00-00-00-00-00. Dir not exists
0:594  0:002  CheckOEMPathExists tried EFI\CLOVER\OEM\Z390 GAMING X-CF\UEFI. Dir not exists
0:596  0:002  CheckOEMPathExists tried EFI\CLOVER\OEM\Z390 GAMING X. Dir not exists
0:599  0:002  CheckOEMPathExists tried EFI\CLOVER\OEM\Z390 GAMING X-4554. Dir not exists
0:601  0:002  CheckOEMPathExists tried EFI\CLOVER\OEM\Z390 GAMING X-CF. Dir not exists
0:604  0:002  CheckOEMPathExists tried EFI\CLOVER\OEM\Z390 GAMING X-CF-4554. Dir not exists
0:604  0:000  set OEMPath by default: EFI\CLOVER
0:613  0:009  EFI\CLOVER\config.plist loaded: Success
0:618  0:004  === [ GetListOfThemes ] =========================
0:623  0:005  - [00]: SimpleThemeDark
0:623  0:000  - [01]: Catalina
0:627  0:004  - [02]: Hackintosh_ID
0:631  0:004  - [03]: mac_default_V
0:647  0:016  === [ Found config plists ] =====================
0:653  0:005  - config_Installer.plist
0:653  0:000  - config.plist
0:653  0:000  - config_Desktop.plist
0:653  0:000  - config_5700.plist
0:653  0:000  === [ GetEarlyUserSettings ] ====================
0:653  0:000  timeout set to 5
0:653  0:000  Custom boot CUSTOM_BOOT_THEME (0x0)
0:653  0:000  ForceKextsToLoad: 1 requested
0:653  0:000   - [0]: System\Library\Extensions\IONetworkingFamily.kext
0:653  0:000  KextsToPatch: 21 requested
0:653  0:000   - [00]: AppleIntelCFLGraphicsFramebuffer (DVMT for AppleIntelCFLGraphicsFramebuffer﻿ (Credits DalianSky) for 10.15.x) :: MatchOS: 10.15,10.15.1,10.15.2,10.15.3 :: BinPatch :: data len: 6
0:653  0:000   - [01]: AppleIntelCFLGraphicsFramebuffer (DVMT for AppleIntelCFLGraphicsFramebuffer﻿ (Credits DalianSky) for 10.15.x) :: MatchOS: 10.15.4 :: BinPatch :: data len: 6
0:653  0:000   - [02]: AppleIntelKBLGraph﻿icsFramebuffer﻿﻿﻿ (DVMT for AppleIntelKBLGraphicsFramebuffer﻿ (Credits DalianSky) for 10.15.x) :: MatchOS: 10.15.x :: BinPatch :: data len: 6
0:653  0:000   - [03]: AppleIntelKBLGraphicsFramebuffer (DVMT for AppleIntelCFLGraphicsFramebuffer﻿ (Credits DalianSky) for 10.15.x) :: MatchOS: 10.15.4 :: BinPatch :: data len: 6
0:653  0:000   - [04]: AppleIntelSKLGraph﻿icsFramebuffer﻿﻿﻿ (DVMT for AppleIntelSKLGraphicsFramebuffer﻿ (Credits DalianSky) for 10.15.x) :: MatchOS: 10.15.x :: BinPatch :: data len: 6
0:653  0:000   - [05]: AppleIntelBDWGraphicsFramebuffer (DVMT for AppleIntelBDWGraphicsFramebuffer (Credits DalianSky) for 10.14.x) :: MatchOS: 10.14.x :: BinPatch :: data len: 5
0:653  0:000   - [06]: AppleIntelSKLGraphicsFramebuffer (DVMT for AppleIntelSKLGraphicsFramebuffer﻿ (Credits DalianSky) for 10.14.x) :: MatchOS: 10.14.x :: BinPatch :: data len: 5
0:653  0:000   - [07]: AppleIntelKBLGraph﻿icsFramebuffer﻿﻿﻿ (DVMT for AppleIntelKBLGraphicsFramebuffer﻿ (Credits DalianSky) for 10.14.x) :: MatchOS: 10.14.x :: BinPatch :: data len: 5
0:653  0:000   - [08]: AppleIntelCFLGraphicsFramebuffer (DVMT for AppleIntelCFLGraphicsFramebuffer﻿ (Credits DalianSky) for 10.14.x) :: MatchOS: 10.14.x :: BinPatch :: data len: 5
0:653  0:000   - [09]: AppleIntelCFLGraphicsFramebuffer (DVMT for AppleIntelCFLGraphicsFramebuffer﻿ (Credits DalianSky) for 10.14.x) :: MatchOS: 10.14.x :: BinPatch :: data len: 5
0:653  0:000   - [10]: AppleIntelLpssI2C (Disable AppleIntelLpssI2C (credit by Coolstar)) :: PlistPatch :: data len: 5
0:653  0:000   - [11]: AppleIntelLpssI2CController (Disable AppleIntelLpssI2CCOntroller (credit by Coolstar)) :: PlistPatch :: data len: 5
0:653  0:000   - [12]: IOBufferCopyController (disable IOBufferCopyController (Credit by DalianSky)) :: PlistPatch :: data len: 5
0:653  0:000   - [13]: com.apple.driver.usb.AppleUSBXHCI (10.13.x USB Port Limit Patch) :: MatchOS: 10.13.4,10.13.5 :: BinPatch :: data len: 10
0:653  0:000   - [14]: com.apple.driver.usb.AppleUSBXHCI (USB 10.13.6 by PMHeart) :: MatchOS: 10.13.6 :: BinPatch :: data len: 10
0:653  0:000   - [15]: com.apple.driver.usb.AppleUSBXHCI (disable USB Port Limit Patch (PMheart) for 10.14 beta2) :: MatchOS: 10.14 :: BinPatch :: data len: 9
0:653  0:000   - [16]: com.apple.iokit.IOUSBHostFamily (USB Port limit patch 10.14.x 10.15.x #1 modify by DalianSky(credits PMheart)) :: BinPatch :: data len: 4
0:653  0:000   - [17]: com.apple.iokit.IOUSBHostFamily (USB port limit patch 10.14.x modify by DalianSky(credit PMHeart)) :: BinPatch :: data len: 4
0:653  0:000   - [18]: com.apple.driver.usb.AppleUSBXHCI (USB Port limit patch 10.15.x #1 modify by DalianSky) :: BinPatch :: data len: 4
0:653  0:000   - [19]: com.apple.driver.usb.AppleUSBXHCI (USB Port limit patch 10.14.x modify by DalianSky(credits PMheart)) :: BinPatch :: data len: 4
0:653  0:000   - [20]: com.apple.driver.usb.AppleUSBXHCI (USB Port limit patch 10.14.x modify by DalianSky(credits PMheart)) :: BinPatch :: data len: 4
0:653  0:000  KernelToPatch: 5 requested
0:653  0:000   - [00]: Disable panic kext logging on 10.13 Debug kernel :: MatchOS: 10.13 :: data len: 6
0:653  0:000   - [01]: Disable panic kext logging on Release kernel :: MatchOS: 10.13 :: data len: 6
0:653  0:000   - [02]: Disable panic kext logging on Release kernel :: MatchOS: 10.14,10.14.1,10.14.2,10.14.3 :: data len: 6
0:653  0:000   - [03]: Disable panic kext logging on Release kernel :: MatchOS: 10.14.4,10.14.5 :: data len: 6
0:653  0:000   - [04]: MSR 0xE2 _xcpm_idle instant reboot(c) Pike R. Alpha :: data len: 8
0:653  0:000  Default theme: Catalina
0:653  0:000  ** Warning: unknown custom entry Type 'Other'
0:653  0:000  === [ LoadDrivers ] =============================
0:660  0:007  Loading FSInject.efi  status=Success
0:660  0:000  Loading NvmExpressDxe.efi  status=Success
0:661  0:000   - driver needs connecting
0:661  0:000  Loading HFSPlus.efi  status=Success
0:661  0:000   - driver needs connecting
0:661  0:000  Loading apfs.efi  status=Success
0:680  0:018   - driver needs connecting
0:680  0:000  Loading SMCHelper.efi  status=Success
0:680  0:000  Loading VirtualSmc.efi  status=Success
0:682  0:001  Loading MemoryAllocation.efi  status=Success
0:682  0:000  Loading DataHubDxe.efi  status=Success
0:683  0:001  Loading PartitionDxe.efi  status=Success
0:686  0:002   - driver needs connecting
0:686  0:000  Loading ApfsDriverLoader.efi  status=Success
0:687  0:000   - driver needs connecting
0:687  0:000  Loading OsxAptioFixDrv-64.efi  status=Success
0:687  0:000  5 drivers needs connecting ...
0:687  0:000  PlatformDriverOverrideProtocol not found. Installing ... Success
0:687  0:000  Partition driver loaded: 
0:687  0:000  HFS+ driver loaded
0:687  0:000  APFS driver loaded
0:687  0:000  Searching for invalid DiskIo BY_DRIVER connects: not found, all ok
0:913  0:225  === [ InitScreen ] ==============================
0:913  0:000  Console modes reported: 5, available modes:
0:913  0:000   - [01]: 80x25 (current mode)
0:913  0:000   - [02]: 80x50
0:913  0:000   - [03]: 100x31
0:913  0:000   - [04]: 127x33
0:913  0:000   - [05]: 100x60
0:913  0:000  SetMaxResolution: found best mode 0: 3840x2160
0:920  0:007  Video mode change to mode #0: Success
0:920  0:000   - set
0:920  0:000  reinit: self device path=PciRoot(0x0)\Pci(0x14,0x0)\USB(0x9,0x0)\HD(1,GPT,3E132DB3-5F03-4E62-AE56-B2589C909217,0x22,0x64000)
0:920  0:000  new SelfHandle=3A4D4118
0:920  0:000  === [ GetMacAddress ] ===========================
0:920  0:000  MAC address of LAN #0= B4:2E:99:EE:73:61:
0:920  0:000  === [ ScanSPD ] =================================
0:920  0:000  Scanning SMBus [8086:A323], mmio: 0x10316004, ioport: 0xEFA0, hostc: 0x11
0:938  0:017  Slot: 0 Type 26 8192MB 3200MHz Vendor=Kingston PartNo=KHX3200C16D48GX SerialNo=00010C0A080D040D
0:957  0:018  Slot: 2 Type 26 8192MB 3200MHz Vendor=Kingston PartNo=KHX3200C16D48GX SerialNo=0A0C080A080D0C05
0:957  0:000  === [ GetAcpiTablesList ] =======================
0:958  0:000  Get Acpi Tables List from RSDT:
0:958  0:000   - [00]: FACP  A M I len=132
0:958  0:000   - [01]: APIC  A M I len=188
0:958  0:000   - [02]: FPDT  A M I len=68
0:958  0:000   - [03]: FIDT  A M I len=156
0:958  0:000   - [04]: MCFG  A M I len=60
0:958  0:000   - [05]: SSDT  A M I len=516
0:958  0:000   - [06]: SSDT  A M I len=6101
0:958  0:000   - [07]: SSDT  A M I len=32854
0:958  0:000   - [08]: SSDT  A M I len=12743
0:958  0:000   - [09]: SSDT  A M I len=9048
0:958  0:000   - [10]: HPET  A M I len=56
0:958  0:000   - [11]: SSDT  A M I len=3998
0:958  0:000   - [12]: SSDT  A M I len=11547
0:958  0:000   - [13]: UEFI  A M I len=66
0:958  0:000   - [14]: LPIT  A M I len=92
0:958  0:000   - [15]: SSDT  A M I len=10206
0:958  0:000   - [16]: SSDT  A M I len=4094
0:958  0:000   - [17]: DBGP  A M I len=52
0:958  0:000   - [18]: DBG2  A M I len=84
0:958  0:000   - [19]: VFCT  A M I len=57476
0:958  0:000   - [20]: BGRT  A M I len=56
0:958  0:000   - [21]: WSMT  A M I len=40
0:958  0:000  Calibrated TSC Frequency = 3600497740 = 3600MHz
0:958  0:000  === [ GetUserSettings ] =========================
0:958  0:000  USB FixOwnership: yes
0:958  0:000  Dropping 2 tables:
0:958  0:000   - [00]: Drop table  signature="#MCF" (46434D23)
0:958  0:000           - set table: 46434D23,                0 to drop: no
0:958  0:000   - [01]: Drop table  signature="DMAR" (52414D44)
0:958  0:000           - set table: 52414D44,                0 to drop: no
0:958  0:000   - final DSDT Fix mask=00000000
0:958  0:000  PatchesDSDT: 13 requested
0:958  0:000   - [00]: (change OSID to XSID (to avoid match against _OSI XOSI patch)) lenToFind: 4, lenToReplace: 4, Target Bridge: 
0:958  0:000    patch disabled at config
0:958  0:000   - [01]: (change _OSI to XOSI) lenToFind: 4, lenToReplace: 4, Target Bridge: 
0:958  0:000    patch disabled at config
0:958  0:000   - [02]: (change _DSM to XDSM) lenToFind: 4, lenToReplace: 4, Target Bridge: 
0:958  0:000    patch disabled at config
0:958  0:000   - [03]: (change EC0 to EC) lenToFind: 4, lenToReplace: 4, Target Bridge: 
0:958  0:000   - [04]: (change H_EC to EC) lenToFind: 4, lenToReplace: 4, Target Bridge: 
0:958  0:000   - [05]: (change ECDV to EC) lenToFind: 4, lenToReplace: 4, Target Bridge: 
0:958  0:000   - [06]: (change HDAS to HDEF) lenToFind: 4, lenToReplace: 4, Target Bridge: 
0:958  0:000   - [07]: (change HECI to IMEI) lenToFind: 4, lenToReplace: 4, Target Bridge: 
0:958  0:000   - [08]: (change MEI to IMEI) lenToFind: 4, lenToReplace: 4, Target Bridge: 
0:958  0:000   - [09]: (change GFX0 to IGPU) lenToFind: 4, lenToReplace: 4, Target Bridge: 
0:958  0:000   - [10]: (change PCI0.VID to IGPU #1 (Thinkpad)) lenToFind: 8, lenToReplace: 8, Target Bridge: 
0:958  0:000   - [11]: (change PCI0.VID to IGPU #2 (Thinkpad)) lenToFind: 14, lenToReplace: 14, Target Bridge: 
0:958  0:000   - [12]: (Fix AsRock Z390 BIOS DSDT Device(RTC) bug) lenToFind: 8, lenToReplace: 8, Target Bridge: 
0:958  0:000  Using ProductName from config: MacBookAir6,2
0:958  0:000  BiosVersion: not set, Using BiosVersion from clover
0:958  0:000  BiosVersion: MBA61.88Z.F000.B00.2002052050
0:958  0:000  BiosReleaseDate: 02/05/2020
0:958  0:000  Using EfiVersion from clover: 120.0.0.0.0
0:958  0:000  Using FirmwareFeatures from clover: 0xE00FE137
0:958  0:000  Using FirmwareFeaturesMask from clover: 0xFF1FFF3F
0:958  0:000  PlatformFeature will not set in SMBIOS
0:958  0:000  === [ Found DSDT tables ] =======================
1:462  0:503  === [ ScanVolumes ] =============================
1:462  0:000  Found 11 volumes with blockIO
1:462  0:000  - [00]: Volume: PciRoot(0x0)\Pci(0x14,0x0)\USB(0x9,0x0)
1:462  0:000          Result of bootcode detection: bootable unknown (legacy)
1:462  0:000  - [01]: Volume: PciRoot(0x0)\Pci(0x14,0x0)\USB(0x9,0x0)\HD(1,GPT,3E132DB3-5F03-4E62-AE56-B2589C909217,0x22,0x64000)
1:463  0:000          Result of bootcode detection: bootable unknown (legacy)
1:466  0:003          This is SelfVolume !!
1:466  0:000  - [02]: Volume: PciRoot(0x0)\Pci(0x14,0x0)\USB(0x9,0x0)\HD(2,GPT,A3807392-C662-448B-808F-C214675AB173,0x64022,0xFA022)
1:467  0:000          Result of bootcode detection: bootable unknown (legacy)
1:472  0:004  - [03]: Volume: PciRoot(0x0)\Pci(0x14,0x0)\USB(0x9,0x0)\HD(3,GPT,1F9B68A2-0AE3-44C8-A8AC-42424330DE59,0x15E044,0x108388B)
1:473  0:000  - [04]: Volume: PciRoot(0x0)\Pci(0x1D,0x0)\Pci(0x0,0x0)\NVMe(0x1,D6-D2-42-01-51-38-25-00)
1:473  0:000  - [05]: Volume: PciRoot(0x0)\Pci(0x1D,0x0)\Pci(0x0,0x0)\NVMe(0x1,D6-D2-42-01-51-38-25-00)\HD(1,GPT,3C87808A-8075-479D-AA12-AFCB4DB5FF97,0x28,0x64000)
1:473  0:000          Result of bootcode detection: bootable unknown (legacy)
1:473  0:000  - [06]: Volume: PciRoot(0x0)\Pci(0x1D,0x0)\Pci(0x0,0x0)\NVMe(0x1,D6-D2-42-01-51-38-25-00)\HD(2,GPT,CADA2F8B-E973-4FCB-877B-0BF9302B5976,0x64028,0x3A321FE0)
1:474  0:000          Result of bootcode detection: bootable unknown (legacy)
1:474  0:000  - [07]: Volume: PciRoot(0x0)\Pci(0x1D,0x0)\Pci(0x0,0x0)\NVMe(0x1,D6-D2-42-01-51-38-25-00)\HD(2,GPT,CADA2F8B-E973-4FCB-877B-0BF9302B5976,0x64028,0x3A321FE0)\VenMedia(BE74FCF7-0B7C-49F3-9147-01F4042E6842,D1F5121147CC114EAAC4B1C3BF9896DB)
1:474  0:000  - [08]: Volume: PciRoot(0x0)\Pci(0x1D,0x0)\Pci(0x0,0x0)\NVMe(0x1,D6-D2-42-01-51-38-25-00)\HD(2,GPT,CADA2F8B-E973-4FCB-877B-0BF9302B5976,0x64028,0x3A321FE0)\VenMedia(BE74FCF7-0B7C-49F3-9147-01F4042E6842,CB197DBDD2C34749BA465BFCDF1757D3)
1:474  0:000  - [09]: Volume: PciRoot(0x0)\Pci(0x1D,0x0)\Pci(0x0,0x0)\NVMe(0x1,D6-D2-42-01-51-38-25-00)\HD(2,GPT,CADA2F8B-E973-4FCB-877B-0BF9302B5976,0x64028,0x3A321FE0)\VenMedia(BE74FCF7-0B7C-49F3-9147-01F4042E6842,B03B585A0018BD4E881895C28DF5B079)
1:474  0:000  - [10]: Volume: PciRoot(0x0)\Pci(0x1D,0x0)\Pci(0x0,0x0)\NVMe(0x1,D6-D2-42-01-51-38-25-00)\HD(2,GPT,CADA2F8B-E973-4FCB-877B-0BF9302B5976,0x64028,0x3A321FE0)\VenMedia(BE74FCF7-0B7C-49F3-9147-01F4042E6842,5E7C570AEDAB524B9EEC7D99A1F6A1FC)
1:474  0:000  No AudioIoProtocols, status=Not Found
1:474  0:000  === [ InitTheme ] ===============================
1:474  0:000  use daylight theme
1:483  0:009  Using theme 'Catalina' (EFI\CLOVER\themes\Catalina)
1:483  0:000  OS main and drive as badge
1:490  0:006    Channels: 1  Sample rate: 44100 Hz  Bits: 16
1:490  0:000  output to channel 0 with volume 70, len=228736
1:490  0:000   sound channels=1 bits=16 freq=44100
1:490  0:000  not found AudioIo to play
1:490  0:000  free sound
1:490  0:000  sound play end with status=Not Found
1:491  0:001  Loading font from ThemeDir: Success
1:491  0:000  theme inited
1:491  0:000  Chosen theme Catalina
1:492  0:000  after NVRAM boot-args=-lilubetaall debug=0x100 -disablegfxfirmware -v
1:492  0:000  === [ Dump SMC keys from NVRAM ] ================
1:492  0:000  found AppleSMC protocol
1:503  0:010  === [ AddCustomEntries ] ========================
1:503  0:000  Custom entry 0 skipped because it is disabled.
1:503  0:000  === [ ScanLoader ] ==============================
1:503  0:000  - [01]: 'EFI'
1:552  0:049          AddLoaderEntry for Volume Name=EFI
1:552  0:000          skipped because entry is hidden
1:552  0:000  - [02]: 'WEPE'
1:574  0:021          AddLoaderEntry for Volume Name=WEPE
1:574  0:000          skipped because entry is hidden
1:574  0:000  - [03]: 'Install macOS Catalina'
1:575  0:001          AddLoaderEntry for Volume Name=Install macOS Catalina
1:575  0:000      Not match custom entry 0: Type: not match
1:600  0:025  - [05]: 'EFI'
1:622  0:021  - [07]: 'Preboot'
1:622  0:000          AddLoaderEntry for Volume Name=Preboot
1:622  0:000      Not match custom entry 0: Type: not match
1:643  0:020  - [08]: 'MacintoshHD'
1:643  0:000          AddLoaderEntry for Volume Name=MacintoshHD
1:643  0:000      Not match custom entry 0: Type: not match
1:663  0:020  - [09]: 'Recovery'
1:683  0:019  - [10]: 'VM'
1:702  0:018  Scanning legacy ...
1:702  0:000  === [ AddCustomTool ] ===========================
1:702  0:000  found tool \EFI\CLOVER\tools\Shell64U.efi
1:702  0:000  Checking EFI partition Volume 1 for Clover
1:702  0:000   Found Clover
1:702  0:000  === [ GetEfiBootDeviceFromNvram ] ===============
1:702  0:000   - efi-boot-device-data: PciRoot(0x0)\Pci(0x14,0x0)\USB(0x9,0x0)\HD(3,GPT,1F9B68A2-0AE3-44C8-A8AC-42424330DE59,0x15E044,0x108388B)\System\Library\CoreServices\boot.efii
1:702  0:000    - Volume: 'PciRoot(0x0)\Pci(0x14,0x0)\USB(0x9,0x0)\HD(3,GPT,1F9B68A2-0AE3-44C8-A8AC-42424330DE59,0x15E044,0x108388B)'
1:702  0:000    - LoaderPath: '\System\Library\CoreServices\boot.efi'
1:702  0:000    - Guid = 1F9B68A2-0AE3-44C8-A8AC-42424330DE59
1:702  0:000  === [ FindStartupDiskVolume ] ===================
1:702  0:000    - Volume: partition = PciRoot(0x0)\Pci(0x14,0x0)\USB(0x9,0x0)\HD(3,GPT,1F9B68A2-0AE3-44C8-A8AC-42424330DE59,0x15E044,0x108388B)
1:702  0:000     - searching for that partition and loader '\System\Library\CoreServices\boot.efi'
1:702  0:000      - found entry 0. 'Boot macOS Install from Install macOS Catalina', Volume 'Install macOS Catalina', '\System\Library\CoreServices\boot.efi'
1:702  0:000  Boot redirected to Entry 0. 'Boot macOS Install from Install macOS Catalina'
1:702  0:000  DefaultIndex=0 and MainMenu.Entries.size()=9
2:275  0:572  GUI ready
8:511  6:236  exit from MainMenu 1
17:254  8:742  EDITED: -lilubetaall debug=0x100 -disablegfxfirmware -v agdpmod=pikera 
17:737  0:483  ReinitSelfLib after theme change
17:737  0:000  reinit: self device path=PciRoot(0x0)\Pci(0x14,0x0)\USB(0x9,0x0)\HD(1,GPT,3E132DB3-5F03-4E62-AE56-B2589C909217,0x22,0x64000)
17:737  0:000  new SelfHandle=3A4D4118
17:737  0:000  === [ ScanVolumes ] =============================
17:737  0:000  Found 11 volumes with blockIO
17:737  0:000  - [00]: Volume: PciRoot(0x0)\Pci(0x14,0x0)\USB(0x9,0x0)
17:738  0:000          Result of bootcode detection: bootable unknown (legacy)
17:738  0:000  - [01]: Volume: PciRoot(0x0)\Pci(0x14,0x0)\USB(0x9,0x0)\HD(1,GPT,3E132DB3-5F03-4E62-AE56-B2589C909217,0x22,0x64000)
17:738  0:000          Result of bootcode detection: bootable unknown (legacy)
17:739  0:000          This is SelfVolume !!
17:739  0:000  - [02]: Volume: PciRoot(0x0)\Pci(0x14,0x0)\USB(0x9,0x0)\HD(2,GPT,A3807392-C662-448B-808F-C214675AB173,0x64022,0xFA022)
17:739  0:000          Result of bootcode detection: bootable unknown (legacy)
17:739  0:000  - [03]: Volume: PciRoot(0x0)\Pci(0x14,0x0)\USB(0x9,0x0)\HD(3,GPT,1F9B68A2-0AE3-44C8-A8AC-42424330DE59,0x15E044,0x108388B)
17:740  0:000  - [04]: Volume: PciRoot(0x0)\Pci(0x1D,0x0)\Pci(0x0,0x0)\NVMe(0x1,D6-D2-42-01-51-38-25-00)
17:740  0:000  - [05]: Volume: PciRoot(0x0)\Pci(0x1D,0x0)\Pci(0x0,0x0)\NVMe(0x1,D6-D2-42-01-51-38-25-00)\HD(1,GPT,3C87808A-8075-479D-AA12-AFCB4DB5FF97,0x28,0x64000)
17:741  0:000          Result of bootcode detection: bootable unknown (legacy)
17:741  0:000  - [06]: Volume: PciRoot(0x0)\Pci(0x1D,0x0)\Pci(0x0,0x0)\NVMe(0x1,D6-D2-42-01-51-38-25-00)\HD(2,GPT,CADA2F8B-E973-4FCB-877B-0BF9302B5976,0x64028,0x3A321FE0)
17:741  0:000          Result of bootcode detection: bootable unknown (legacy)
17:741  0:000  - [07]: Volume: PciRoot(0x0)\Pci(0x1D,0x0)\Pci(0x0,0x0)\NVMe(0x1,D6-D2-42-01-51-38-25-00)\HD(2,GPT,CADA2F8B-E973-4FCB-877B-0BF9302B5976,0x64028,0x3A321FE0)\VenMedia(BE74FCF7-0B7C-49F3-9147-01F4042E6842,D1F5121147CC114EAAC4B1C3BF9896DB)
17:741  0:000  - [08]: Volume: PciRoot(0x0)\Pci(0x1D,0x0)\Pci(0x0,0x0)\NVMe(0x1,D6-D2-42-01-51-38-25-00)\HD(2,GPT,CADA2F8B-E973-4FCB-877B-0BF9302B5976,0x64028,0x3A321FE0)\VenMedia(BE74FCF7-0B7C-49F3-9147-01F4042E6842,CB197DBDD2C34749BA465BFCDF1757D3)
17:741  0:000  - [09]: Volume: PciRoot(0x0)\Pci(0x1D,0x0)\Pci(0x0,0x0)\NVMe(0x1,D6-D2-42-01-51-38-25-00)\HD(2,GPT,CADA2F8B-E973-4FCB-877B-0BF9302B5976,0x64028,0x3A321FE0)\VenMedia(BE74FCF7-0B7C-49F3-9147-01F4042E6842,B03B585A0018BD4E881895C28DF5B079)
17:741  0:000  - [10]: Volume: PciRoot(0x0)\Pci(0x1D,0x0)\Pci(0x0,0x0)\NVMe(0x1,D6-D2-42-01-51-38-25-00)\HD(2,GPT,CADA2F8B-E973-4FCB-877B-0BF9302B5976,0x64028,0x3A321FE0)\VenMedia(BE74FCF7-0B7C-49F3-9147-01F4042E6842,5E7C570AEDAB524B9EEC7D99A1F6A1FC)
17:741  0:000  No AudioIoProtocols, status=Not Found
17:741  0:000  theme inited
17:741  0:000  Chosen theme Catalina
17:741  0:000  after NVRAM boot-args=-lilubetaall debug=0x100 -disablegfxfirmware -v agdpmod=pikera  
17:741  0:000  === [ AddCustomEntries ] ========================
17:741  0:000  Custom entry 0 skipped because it is disabled.
17:741  0:000  === [ ScanLoader ] ==============================
17:741  0:000  - [01]: 'EFI'
17:762  0:020          AddLoaderEntry for Volume Name=EFI
17:762  0:000          skipped because entry is hidden
17:762  0:000  - [02]: 'WEPE'
17:781  0:018          AddLoaderEntry for Volume Name=WEPE
17:781  0:000          skipped because entry is hidden
17:781  0:000  - [03]: 'Install macOS Catalina'
17:781  0:000          AddLoaderEntry for Volume Name=Install macOS Catalina
17:781  0:000      Not match custom entry 0: Type: not match
17:802  0:020  - [05]: 'EFI'
17:824  0:021  - [07]: 'Preboot'
17:824  0:000          AddLoaderEntry for Volume Name=Preboot
17:824  0:000      Not match custom entry 0: Type: not match
17:844  0:020  - [08]: 'MacintoshHD'
17:844  0:000          AddLoaderEntry for Volume Name=MacintoshHD
17:844  0:000      Not match custom entry 0: Type: not match
17:865  0:020  - [09]: 'Recovery'
17:884  0:019  - [10]: 'VM'
17:903  0:019  Scanning legacy ...
17:903  0:000  === [ AddCustomTool ] ===========================
17:903  0:000  found tool \EFI\CLOVER\tools\Shell64U.efi
17:903  0:000  Checking EFI partition Volume 1 for Clover
17:903  0:000   Found Clover
17:903  0:000  === [ GetEfiBootDeviceFromNvram ] ===============
17:903  0:000  === [ FindStartupDiskVolume ] ===================
17:903  0:000    - Volume: partition = PciRoot(0x0)\Pci(0x14,0x0)\USB(0x9,0x0)\HD(3,GPT,1F9B68A2-0AE3-44C8-A8AC-42424330DE59,0x15E044,0x108388B)
17:903  0:000     - searching for that partition and loader '\System\Library\CoreServices\boot.efi'
17:903  0:000      - found entry 0. 'Boot macOS Install from Install macOS Catalina', Volume 'Install macOS Catalina', '\System\Library\CoreServices\boot.efi'
17:903  0:000  Boot redirected to Entry 0. 'Boot macOS Install from Install macOS Catalina'
17:903  0:000  DefaultIndex=0 and MainMenu.Entries.size()=9
19:560  1:656  exit from MainMenu 1
19:560  0:000  Boot option Boot0000 not found
19:560  0:000  === [ StartLoader ] =============================
19:560  0:000  Finally: ExternalClock=26MHz BusSpeed=100014kHz CPUFreq=3600MHz PIS: hw.busfrequency=104000000Hz
19:560  0:000  start loader
19:560  0:000  Loading boot.efi  status=Success
19:598  0:037  GetOSVersion: 10.15.4 (19E266)
19:598  0:000  CSR_CFG: CSR_ALLOW_UNTRUSTED_KEXTS | CSR_ALLOW_UNRESTRICTED_FS | CSR_ALLOW_TASK_FOR_PID | CSR_ALLOW_UNRESTRICTED_DTRACE | CSR_ALLOW_UNRESTRICTED_NVRAM
19:598  0:000  Filtering KextPatches:
19:598  0:000   - [00]: AppleIntelCFLGraphicsFramebuffer (DVMT for AppleIntelCFLGraphicsFramebuffer﻿ (Credits DalianSky) for 10.15.x) :: BinPatch :: [OS: 10.15.4 | MatchOS: 10.15,10.15.1,10.15.2,10.15.3 | MatchBuild: All] ==> not allowed
19:598  0:000   - [01]: AppleIntelCFLGraphicsFramebuffer (DVMT for AppleIntelCFLGraphicsFramebuffer﻿ (Credits DalianSky) for 10.15.x) :: BinPatch :: [OS: 10.15.4 | MatchOS: 10.15.4 | MatchBuild: All] ==> allowed
19:598  0:000   - [02]: AppleIntelKBLGraph﻿icsFramebuffer﻿﻿﻿ (DVMT for AppleIntelKBLGraphicsFramebuffer﻿ (Credits DalianSky) for 10.15.x) :: BinPatch :: [OS: 10.15.4 | MatchOS: 10.15.x | MatchBuild: All] ==> allowed
19:598  0:000   - [03]: AppleIntelKBLGraphicsFramebuffer (DVMT for AppleIntelCFLGraphicsFramebuffer﻿ (Credits DalianSky) for 10.15.x) :: BinPatch :: [OS: 10.15.4 | MatchOS: 10.15.4 | MatchBuild: All] ==> allowed
19:598  0:000   - [04]: AppleIntelSKLGraph﻿icsFramebuffer﻿﻿﻿ (DVMT for AppleIntelSKLGraphicsFramebuffer﻿ (Credits DalianSky) for 10.15.x) :: BinPatch :: [OS: 10.15.4 | MatchOS: 10.15.x | MatchBuild: All] ==> allowed
19:598  0:000   - [05]: AppleIntelBDWGraphicsFramebuffer (DVMT for AppleIntelBDWGraphicsFramebuffer (Credits DalianSky) for 10.14.x) :: BinPatch :: [OS: 10.15.4 | MatchOS: 10.14.x | MatchBuild: All] ==> not allowed
19:598  0:000   - [06]: AppleIntelSKLGraphicsFramebuffer (DVMT for AppleIntelSKLGraphicsFramebuffer﻿ (Credits DalianSky) for 10.14.x) :: BinPatch :: [OS: 10.15.4 | MatchOS: 10.14.x | MatchBuild: All] ==> not allowed
19:598  0:000   - [07]: AppleIntelKBLGraph﻿icsFramebuffer﻿﻿﻿ (DVMT for AppleIntelKBLGraphicsFramebuffer﻿ (Credits DalianSky) for 10.14.x) :: BinPatch :: [OS: 10.15.4 | MatchOS: 10.14.x | MatchBuild: All] ==> not allowed
19:598  0:000   - [08]: AppleIntelCFLGraphicsFramebuffer (DVMT for AppleIntelCFLGraphicsFramebuffer﻿ (Credits DalianSky) for 10.14.x) :: BinPatch :: [OS: 10.15.4 | MatchOS: 10.14.x | MatchBuild: All] ==> not allowed
19:598  0:000   - [09]: AppleIntelCFLGraphicsFramebuffer (DVMT for AppleIntelCFLGraphicsFramebuffer﻿ (Credits DalianSky) for 10.14.x) :: BinPatch :: [OS: 10.15.4 | MatchOS: 10.14.x | MatchBuild: All] ==> not allowed
19:598  0:000   - [10]: AppleIntelLpssI2C (Disable AppleIntelLpssI2C (credit by Coolstar)) :: PlistPatch :: [OS: 10.15.4 | MatchOS: All | MatchBuild: All] ==> allowed
19:598  0:000   - [11]: AppleIntelLpssI2CController (Disable AppleIntelLpssI2CCOntroller (credit by Coolstar)) :: PlistPatch :: [OS: 10.15.4 | MatchOS: All | MatchBuild: All] ==> allowed
19:598  0:000   - [12]: IOBufferCopyController (disable IOBufferCopyController (Credit by DalianSky)) :: PlistPatch :: [OS: 10.15.4 | MatchOS: All | MatchBuild: All] ==> allowed
19:598  0:000   - [13]: com.apple.driver.usb.AppleUSBXHCI (10.13.x USB Port Limit Patch) :: BinPatch :: [OS: 10.15.4 | MatchOS: 10.13.4,10.13.5 | MatchBuild: All] ==> not allowed
19:598  0:000   - [14]: com.apple.driver.usb.AppleUSBXHCI (USB 10.13.6 by PMHeart) :: BinPatch :: [OS: 10.15.4 | MatchOS: 10.13.6 | MatchBuild: All] ==> not allowed
19:598  0:000   - [15]: com.apple.driver.usb.AppleUSBXHCI (disable USB Port Limit Patch (PMheart) for 10.14 beta2) :: BinPatch :: [OS: 10.15.4 | MatchOS: 10.14 | MatchBuild: All] ==> not allowed
19:598  0:000   - [16]: com.apple.iokit.IOUSBHostFamily (USB Port limit patch 10.14.x 10.15.x #1 modify by DalianSky(credits PMheart)) :: BinPatch :: [OS: 10.15.4 | MatchOS: All | MatchBuild: All] ==> allowed
19:598  0:000   - [17]: com.apple.iokit.IOUSBHostFamily (USB port limit patch 10.14.x modify by DalianSky(credit PMHeart)) :: BinPatch :: [OS: 10.15.4 | MatchOS: All | MatchBuild: All] ==> allowed
19:598  0:000   - [18]: com.apple.driver.usb.AppleUSBXHCI (USB Port limit patch 10.15.x #1 modify by DalianSky) :: BinPatch :: [OS: 10.15.4 | MatchOS: All | MatchBuild: All] ==> allowed
19:598  0:000   - [19]: com.apple.driver.usb.AppleUSBXHCI (USB Port limit patch 10.14.x modify by DalianSky(credits PMheart)) :: BinPatch :: [OS: 10.15.4 | MatchOS: All | MatchBuild: All] ==> allowed
19:598  0:000   - [20]: com.apple.driver.usb.AppleUSBXHCI (USB Port limit patch 10.14.x modify by DalianSky(credits PMheart)) :: BinPatch :: [OS: 10.15.4 | MatchOS: All | MatchBuild: All] ==> allowed
19:598  0:000  Filtering KernelPatches:
19:598  0:000   - [00]: Disable panic kext logging on 10.13 Debug kernel :: [OS: 10.15.4 | MatchOS: 10.13 | MatchBuild: no] ==> not allowed by OS
19:598  0:000   - [01]: Disable panic kext logging on Release kernel :: [OS: 10.15.4 | MatchOS: 10.13 | MatchBuild: no] ==> not allowed by OS
19:598  0:000   - [02]: Disable panic kext logging on Release kernel :: [OS: 10.15.4 | MatchOS: 10.14,10.14.1,10.14.2,10.14.3 | MatchBuild: no] ==> not allowed by OS
19:598  0:000   - [03]: Disable panic kext logging on Release kernel :: [OS: 10.15.4 | MatchOS: 10.14.4,10.14.5 | MatchBuild: no] ==> not allowed by OS
19:598  0:000   - [04]: MSR 0xE2 _xcpm_idle instant reboot(c) Pike R. Alpha :: [OS: 10.15.4 | MatchOS: All | MatchBuild: no] ==> allowed by OS
19:598  0:000  Will not patch boot.efi
19:598  0:000  === [ PatchSmbios ] =============================
19:598  0:000  insert table 9 for dev 0:0
19:598  0:000  insert table 9 for dev 0:1
19:598  0:000  insert table 9 for dev 1F:6
19:598  0:000  insert table 9 for dev 0:0
19:598  0:000  Table 11 present, but rewritten for us
19:599  0:001  Trusting SMBIOS...
19:599  0:000  Channels: 2
19:599  0:000  Interleave: 0 2 1 3 4 6 5 7 8 10 9 11 12 14 13 15 16 18 17 19 20 22 21 23
19:599  0:000   partNum=KHX3200C16D4/8GX    
19:599  0:000  SMBIOS Type 17 Index = 0 => 0 0:
19:599  0:000  BANK 0 DIMM0 3200MHz 8192MB(Ext:0MB)
19:599  0:000   partNum=KHX3200C16D4/8GX    
19:599  0:000  SMBIOS Type 17 Index = 1 => 2 2:
19:599  0:000  BANK 1 DIMM0 3200MHz 8192MB(Ext:0MB)
19:599  0:000  mTotalSystemMemory = 16384
19:599  0:000  NumberOfMemoryDevices = 2
19:599  0:000  Type20[0]->End = 0x7FFFFF, Type17[0] = 2000
19:599  0:000  Type20[1]->End = 0xFFFFFF, Type17[1] = 6000
19:599  0:000  Table 131 is present, CPUType=35
19:599  0:000  Change to: 1005
19:599  0:000  === [ PatchACPI ] ===============================
19:599  0:000  Xsdt reallocation done
19:599  0:000  old FADT length=114
19:599  0:000   SignatureFixup: 0x3669944F -> 0x0
19:599  0:000  Apply DsdtFixMask=0x00000000
19:599  0:000     drop _DSM mask=0xFFFF
19:599  0:000  === [ FixBiosDsdt ] =============================
19:599  0:000  Patching DSDT:
19:599  0:000   - [change OSID to XSID (to avoid match against _OSI XOSI patch)]: disabled
19:599  0:000   - [change _OSI to XOSI]: disabled
19:599  0:000   - [change _DSM to XDSM]: disabled
19:599  0:000   - [change EC0 to EC]: pattern 4543305F, bin not found / already patched!
19:600  0:000   - [change H_EC to EC]: pattern 485F4543, patched at: [ (8BD) (518) (E411) (10) (6FFC) (15) (9CA) (16) (16) (33) (FE9) (12) (F) (19) (12) (F) (16767) (24) (11A6D) (516) ]
19:600  0:000   - [change ECDV to EC]: pattern 45434456, bin not found / already patched!
19:600  0:000   - [change HDAS to HDEF]: pattern 48444153, patched at: [ (8FF) (12) (12) (EB52) (76) (3F) (66) (A7) (DB) (89) (1B187) (19D0) (A895) (8FCC) ]
19:601  0:000   - [change HECI to IMEI]: pattern 48454349, patched at: [ (13C9D) (16C31) (1FAE) ]
19:601  0:000   - [change MEI to IMEI]: pattern 4D45495F, bin not found / already patched!
19:601  0:000   - [change GFX0 to IGPU]: pattern 47465830, patched at: [ (52) (E) (12) (12) (12) (5E) (12) (77) (12) (C63) (12) (3527) (6C6D) (B278) (1B) (3ACC) (14) (1096E) (1B84) (13C8D) ]
19:602  0:000   - [change PCI0.VID to IGPU #1 (Thinkpad)]: pattern 50434930, bin not found / already patched!
19:602  0:000   - [change PCI0.VID to IGPU #2 (Thinkpad)]: pattern 5649445F, bin not found / already patched!
19:603  0:000   - [Fix AsRock Z390 BIOS DSDT Device(RTC) bug]: pattern A00A9353, bin not found / already patched!
19:603  0:000    0 replacements
19:604  0:000  PreCleanup XSDT: count=22, length=212
19:604  0:000  PreCleanup XSDT, corrected XSDT: count=22, length=212
19:604  0:000  === [ ACPIPatchedAML ] ==========================
19:604  0:000  AutoMerge pass 1
19:604  0:000  Unsorted
19:604  0:000  Inserting SSDT-Disable-DGPU.aml from EFI\CLOVER\ACPI\patched: ignore on pass 1
19:604  0:000  === [ ACPIDropTables ] ==========================
19:604  0:000  Patching SSDT A M I Length=516
19:604  0:000  0. [change OSID to XSID (to avoid match against _OSI XOSI patch)]: disabled
19:604  0:000  1. [change _OSI to XOSI]: disabled
19:604  0:000  2. [change _DSM to XDSM]: disabled
19:604  0:000  3. [change EC0 to EC]: pattern 4543305F, bin not found / already patched!
19:604  0:000  4. [change H_EC to EC]: pattern 485F4543, bin not found / already patched!
19:604  0:000  5. [change ECDV to EC]: pattern 45434456, bin not found / already patched!
19:604  0:000  6. [change HDAS to HDEF]: pattern 48444153, bin not found / already patched!
19:604  0:000  7. [change HECI to IMEI]: pattern 48454349, bin not found / already patched!
19:604  0:000  8. [change MEI to IMEI]: pattern 4D45495F, bin not found / already patched!
19:604  0:000  9. [change GFX0 to IGPU]: pattern 47465830, bin not found / already patched!
19:604  0:000  10. [change PCI0.VID to IGPU #1 (Thinkpad)]: pattern 50434930, bin not found / already patched!
19:604  0:000  11. [change PCI0.VID to IGPU #2 (Thinkpad)]: pattern 5649445F, bin not found / already patched!
19:604  0:000  12. [Fix AsRock Z390 BIOS DSDT Device(RTC) bug]: pattern A00A9353, bin not found / already patched!
19:604  0:000    0 replacements
19:604  0:000  Patching SSDT A M I Length=6101
19:604  0:000  0. [change OSID to XSID (to avoid match against _OSI XOSI patch)]: disabled
19:604  0:000  1. [change _OSI to XOSI]: disabled
19:604  0:000  2. [change _DSM to XDSM]: disabled
19:604  0:000  3. [change EC0 to EC]: pattern 4543305F, bin not found / already patched!
19:604  0:000  4. [change H_EC to EC]: pattern 485F4543, bin not found / already patched!
19:604  0:000  5. [change ECDV to EC]: pattern 45434456, bin not found / already patched!
19:604  0:000  6. [change HDAS to HDEF]: pattern 48444153, bin not found / already patched!
19:604  0:000  7. [change HECI to IMEI]: pattern 48454349, bin not found / already patched!
19:604  0:000  8. [change MEI to IMEI]: pattern 4D45495F, bin not found / already patched!
19:604  0:000  9. [change GFX0 to IGPU]: pattern 47465830, bin not found / already patched!
19:604  0:000  10. [change PCI0.VID to IGPU #1 (Thinkpad)]: pattern 50434930, bin not found / already patched!
19:604  0:000  11. [change PCI0.VID to IGPU #2 (Thinkpad)]: pattern 5649445F, bin not found / already patched!
19:604  0:000  12. [Fix AsRock Z390 BIOS DSDT Device(RTC) bug]: pattern A00A9353, bin not found / already patched!
19:604  0:000    0 replacements
19:604  0:000  Found OperationRegion(PNVS, SystemMemory, 35361000, ...)
19:604  0:000  Patching SSDT A M I Length=32854
19:604  0:000  0. [change OSID to XSID (to avoid match against _OSI XOSI patch)]: disabled
19:604  0:000  1. [change _OSI to XOSI]: disabled
19:604  0:000  2. [change _DSM to XDSM]: disabled
19:604  0:000  3. [change EC0 to EC]: pattern 4543305F, bin not found / already patched!
19:604  0:000  4. [change H_EC to EC]: pattern 485F4543, bin not found / already patched!
19:604  0:000  5. [change ECDV to EC]: pattern 45434456, bin not found / already patched!
19:604  0:000  6. [change HDAS to HDEF]: pattern 48444153, bin not found / already patched!
19:604  0:000  7. [change HECI to IMEI]: pattern 48454349, bin not found / already patched!
19:604  0:000  8. [change MEI to IMEI]: pattern 4D45495F, bin not found / already patched!
19:604  0:000  9. [change GFX0 to IGPU]: pattern 47465830, bin not found / already patched!
19:605  0:000  10. [change PCI0.VID to IGPU #1 (Thinkpad)]: pattern 50434930, bin not found / already patched!
19:605  0:000  11. [change PCI0.VID to IGPU #2 (Thinkpad)]: pattern 5649445F, bin not found / already patched!
19:605  0:000  12. [Fix AsRock Z390 BIOS DSDT Device(RTC) bug]: pattern A00A9353, bin not found / already patched!
19:605  0:000    0 replacements
19:605  0:000  Found OperationRegion(GGGT, SystemMemory, 3E599118, ...)
19:605  0:000  Patching SSDT A M I Length=12743
19:605  0:000  0. [change OSID to XSID (to avoid match against _OSI XOSI patch)]: disabled
19:605  0:000  1. [change _OSI to XOSI]: disabled
19:605  0:000  2. [change _DSM to XDSM]: disabled
19:605  0:000  3. [change EC0 to EC]: pattern 4543305F, bin not found / already patched!
19:605  0:000  4. [change H_EC to EC]: pattern 485F4543, bin not found / already patched!
19:605  0:000  5. [change ECDV to EC]: pattern 45434456, bin not found / already patched!
19:605  0:000  6. [change HDAS to HDEF]: pattern 48444153, bin not found / already patched!
19:605  0:000  7. [change HECI to IMEI]: pattern 48454349, bin not found / already patched!
19:605  0:000  8. [change MEI to IMEI]: pattern 4D45495F, bin not found / already patched!
19:605  0:000  9. [change GFX0 to IGPU]: pattern 47465830, patched at: [ (2D) (3A) (46) (2C1) (1C9B) (A3A) (1D) (6AF) ]
19:605  0:000  10. [change PCI0.VID to IGPU #1 (Thinkpad)]: pattern 50434930, bin not found / already patched!
19:605  0:000  11. [change PCI0.VID to IGPU #2 (Thinkpad)]: pattern 5649445F, bin not found / already patched!
19:605  0:000  12. [Fix AsRock Z390 BIOS DSDT Device(RTC) bug]: pattern A00A9353, bin not found / already patched!
19:605  0:000    0 replacements
19:605  0:000  Found OperationRegion(SANV, SystemMemory, 3E4EAD18, ...)
19:605  0:000  Patching SSDT A M I Length=9048
19:605  0:000  0. [change OSID to XSID (to avoid match against _OSI XOSI patch)]: disabled
19:605  0:000  1. [change _OSI to XOSI]: disabled
19:605  0:000  2. [change _DSM to XDSM]: disabled
19:605  0:000  3. [change EC0 to EC]: pattern 4543305F, bin not found / already patched!
19:605  0:000  4. [change H_EC to EC]: pattern 485F4543, bin not found / already patched!
19:605  0:000  5. [change ECDV to EC]: pattern 45434456, bin not found / already patched!
19:605  0:000  6. [change HDAS to HDEF]: pattern 48444153, bin not found / already patched!
19:605  0:000  7. [change HECI to IMEI]: pattern 48454349, bin not found / already patched!
19:605  0:000  8. [change MEI to IMEI]: pattern 4D45495F, bin not found / already patched!
19:605  0:000  9. [change GFX0 to IGPU]: pattern 47465830, bin not found / already patched!
19:605  0:000  10. [change PCI0.VID to IGPU #1 (Thinkpad)]: pattern 50434930, bin not found / already patched!
19:605  0:000  11. [change PCI0.VID to IGPU #2 (Thinkpad)]: pattern 5649445F, bin not found / already patched!
19:605  0:000  12. [Fix AsRock Z390 BIOS DSDT Device(RTC) bug]: pattern A00A9353, bin not found / already patched!
19:605  0:000    0 replacements
19:605  0:000  Patching SSDT A M I Length=3998
19:605  0:000  0. [change OSID to XSID (to avoid match against _OSI XOSI patch)]: disabled
19:605  0:000  1. [change _OSI to XOSI]: disabled
19:605  0:000  2. [change _DSM to XDSM]: disabled
19:605  0:000  3. [change EC0 to EC]: pattern 4543305F, bin not found / already patched!
19:605  0:000  4. [change H_EC to EC]: pattern 485F4543, patched at: [ (1FE) (16) (16) (16) (16) (16) (16) (16) (4E2) (22) (18) (20) (18) (15) (15) (13) (257) (14) ]
19:605  0:000  5. [change ECDV to EC]: pattern 45434456, bin not found / already patched!
19:605  0:000  6. [change HDAS to HDEF]: pattern 48444153, bin not found / already patched!
19:605  0:000  7. [change HECI to IMEI]: pattern 48454349, bin not found / already patched!
19:605  0:000  8. [change MEI to IMEI]: pattern 4D45495F, bin not found / already patched!
19:605  0:000  9. [change GFX0 to IGPU]: pattern 47465830, bin not found / already patched!
19:605  0:000  10. [change PCI0.VID to IGPU #1 (Thinkpad)]: pattern 50434930, bin not found / already patched!
19:605  0:000  11. [change PCI0.VID to IGPU #2 (Thinkpad)]: pattern 5649445F, bin not found / already patched!
19:605  0:000  12. [Fix AsRock Z390 BIOS DSDT Device(RTC) bug]: pattern A00A9353, bin not found / already patched!
19:605  0:000    0 replacements
19:605  0:000  Patching SSDT A M I Length=11547
19:605  0:000  0. [change OSID to XSID (to avoid match against _OSI XOSI patch)]: disabled
19:605  0:000  1. [change _OSI to XOSI]: disabled
19:605  0:000  2. [change _DSM to XDSM]: disabled
19:605  0:000  3. [change EC0 to EC]: pattern 4543305F, bin not found / already patched!
19:605  0:000  4. [change H_EC to EC]: pattern 485F4543, bin not found / already patched!
19:605  0:000  5. [change ECDV to EC]: pattern 45434456, bin not found / already patched!
19:605  0:000  6. [change HDAS to HDEF]: pattern 48444153, bin not found / already patched!
19:605  0:000  7. [change HECI to IMEI]: pattern 48454349, bin not found / already patched!
19:605  0:000  8. [change MEI to IMEI]: pattern 4D45495F, bin not found / already patched!
19:605  0:000  9. [change GFX0 to IGPU]: pattern 47465830, bin not found / already patched!
19:605  0:000  10. [change PCI0.VID to IGPU #1 (Thinkpad)]: pattern 50434930, bin not found / already patched!
19:605  0:000  11. [change PCI0.VID to IGPU #2 (Thinkpad)]: pattern 5649445F, bin not found / already patched!
19:605  0:000  12. [Fix AsRock Z390 BIOS DSDT Device(RTC) bug]: pattern A00A9353, bin not found / already patched!
19:605  0:000    0 replacements
19:605  0:000  Patching SSDT A M I Length=10206
19:605  0:000  0. [change OSID to XSID (to avoid match against _OSI XOSI patch)]: disabled
19:605  0:000  1. [change _OSI to XOSI]: disabled
19:605  0:000  2. [change _DSM to XDSM]: disabled
19:605  0:000  3. [change EC0 to EC]: pattern 4543305F, bin not found / already patched!
19:605  0:000  4. [change H_EC to EC]: pattern 485F4543, patched at: [ (24) (57) (16) (16) (16) (16) (16) (16) (16) (16) (28) (16) (16) (16) (16) (16) (16) (16) (16) (16) (16) (16) (16) (16) (16) (16) (16) (16) (16) (16) (16) (16) (16) (16) (16) (16) (16) (16) (16) (16) (16) (16) (16) (16) (16) (16) (16) (16) (16) (16) (16) (16) (16) (16) (16) (16) (16) (16) (16) (16) (16) (16) (16) (16) (16) (16) (16) (16) (16) (16) (16) (16) (16) (16) (16) (95B) (16) (14) (21) (14) (21) (14) (21) (14) (22) (14) (25) (14) (25) (14) (13A) (16) (14) (21) (14) (21) (14) (21) (14) (21) (14) (22) (14) (25) (14) (25) (14) (B3) (15) (14) (1B) (14) (1D) (14) (1E) (14) (1C) (14) (1C) (14) (1C) (14) (1C) (14) (1C) (14) (1C) (14) (1C) (14) (1C) (14) (1C) (14) (1C) (14) (1C) (14) (35) (14) (16) (14) (44) (4E) (14) (1B) (14) (1B) (14) (4C) (14) (1B) (14) (AA) (15) (14) (1C) (14) (1C) (14) (1C) (14) (1C) (14) (1C) (14) (1C) (14) (1C) (14) (1C) (14) (1C) (14) (1C) (14) (1C) (14) (1C) (14) (1C) (14) (1C) (14) (1C) (14) (1C) (14) (1C) (14) (1C) (14) (1C) (14) (3A) (14) (1A) (13) (1A) (13) (1A) (13) (1A) (13) (1A) (13) (1A) (13) (1A) (13) (1A) (13) (1A) (13) (1A) (13) (1A) (13) (1A) (13) (1A) (13) (1A) (13) (1A) (13) (1A) (13) (1A) (13) (1A) (13) (1A) (13) (1A) (13) (21) (14) (21) (14) (23) (15) (14) (25) (15) (14) (19) (14) (1D) (14) (1D) (14) ]
19:606  0:000  5. [change ECDV to EC]: pattern 45434456, bin not found / already patched!
19:606  0:000  6. [change HDAS to HDEF]: pattern 48444153, bin not found / already patched!
19:606  0:000  7. [change HECI to IMEI]: pattern 48454349, bin not found / already patched!
19:606  0:000  8. [change MEI to IMEI]: pattern 4D45495F, bin not found / already patched!
19:606  0:000  9. [change GFX0 to IGPU]: pattern 47465830, bin not found / already patched!
19:606  0:000  10. [change PCI0.VID to IGPU #1 (Thinkpad)]: pattern 50434930, bin not found / already patched!
19:606  0:000  11. [change PCI0.VID to IGPU #2 (Thinkpad)]: pattern 5649445F, bin not found / already patched!
19:606  0:000  12. [Fix AsRock Z390 BIOS DSDT Device(RTC) bug]: pattern A00A9353, bin not found / already patched!
19:606  0:000    0 replacements
19:606  0:000  Patching SSDT A M I Length=4094
19:606  0:000  0. [change OSID to XSID (to avoid match against _OSI XOSI patch)]: disabled
19:606  0:000  1. [change _OSI to XOSI]: disabled
19:606  0:000  2. [change _DSM to XDSM]: disabled
19:606  0:000  3. [change EC0 to EC]: pattern 4543305F, bin not found / already patched!
19:606  0:000  4. [change H_EC to EC]: pattern 485F4543, bin not found / already patched!
19:606  0:000  5. [change ECDV to EC]: pattern 45434456, bin not found / already patched!
19:606  0:000  6. [change HDAS to HDEF]: pattern 48444153, bin not found / already patched!
19:606  0:000  7. [change HECI to IMEI]: pattern 48454349, bin not found / already patched!
19:606  0:000  8. [change MEI to IMEI]: pattern 4D45495F, bin not found / already patched!
19:606  0:000  9. [change GFX0 to IGPU]: pattern 47465830, bin not found / already patched!
19:606  0:000  10. [change PCI0.VID to IGPU #1 (Thinkpad)]: pattern 50434930, bin not found / already patched!
19:606  0:000  11. [change PCI0.VID to IGPU #2 (Thinkpad)]: pattern 5649445F, bin not found / already patched!
19:606  0:000  12. [Fix AsRock Z390 BIOS DSDT Device(RTC) bug]: pattern A00A9353, bin not found / already patched!
19:606  0:000    0 replacements
19:606  0:000  === [ ACPIPatchedAML ] ==========================
19:606  0:000  AutoMerge pass 2
19:606  0:000  Unsorted
19:606  0:000  Inserting SSDT-Disable-DGPU.aml from EFI\CLOVER\ACPI\patched: size=1411 ... Success
19:606  0:000  ApicCPUNum=1
19:606  0:000  Maximum control=0x24
19:606  0:000  Turbo control=0x31
19:606  0:000  P-States: min 0x8, max 0x31
19:606  0:000  SSDT with plugin-type without P-States is generated
19:606  0:000  Cleanup XSDT: count=24, length=228
19:606  0:000  corrected XSDT count=24, length=228
19:606  0:000  === [ RestSetup macOS ] =========================
19:606  0:000  EdidDiscovered size=128
19:606  0:000  --- Discovered EDID Table size:128
19:606  0:000  000  |  00  FF  FF  FF  FF  FF  FF  00  05  E3
19:606  0:000  010  |  77  32  1D  00  00  00  13  1D  01  04
19:606  0:000  020  |  B5  46  27  78  3A  59  05  AF  4F  42
19:606  0:000  030  |  AF  27  0E  50  54  BD  4B  00  D1  C0
19:606  0:000  040  |  81  80  81  40  95  0F  95  00  B3  00
19:606  0:000  050  |  81  C0  01  01  4D  D0  00  A0  F0  70
19:606  0:000  060  |  3E  80  30  20  35  00  BA  89  21  00
19:606  0:000  070  |  00  1A  A3  66  00  A0  F0  70  1F  80
19:606  0:000  080  |  30  20  35  00  BA  89  21  00  00  1A
19:606  0:000  090  |  00  00  00  FC  00  55  33  32  37  37
19:606  0:000  100  |  57  42  0A  20  20  20  20  20  00  00
19:606  0:000  110  |  00  FD  00  17  50  1E  A0  3C  01  0A
19:606  0:000  120  |  20  20  20  20  20  20  01  85
19:606  0:000  ATI injection not set
19:606  0:000   RCBA disabled; cannot use it
19:606  0:000  stringlength = 714
19:606  0:000  CurrentMode: Width=3840 Height=2160
19:606  0:000  Beginning FSInjection
FSInjectionInstall ...
- Our FSI_SIMPLE_FILE_SYSTEM_PROTOCOL installed on handle: 3A4CE918
FSInjectionInstall ...
- Our FSI_SIMPLE_FILE_SYSTEM_PROTOCOL installed on handle: 3A4CE918
19:610  0:004  Use origin smbios table type 1 guid.
19:614  0:003    Force kext: System\Library\Extensions\IONetworkingFamily.kext
19:614  0:000  Failed to load extra kext (Info.plist not found): System\Library\Extensions\IONetworkingFamily.kext
19:614  0:000  Preparing kexts injection for arch=x86_64 from EFI\CLOVER\kexts\Other
19:614  0:000  ->Extra kext: EFI\CLOVER\kexts\Other\XHCI-unsupported.kext (v.0.9.2)
19:620  0:005  ->Extra kext: EFI\CLOVER\kexts\Other\AHCI_Intel_Generic_SATA.kext (v.0.5)
19:630  0:009  ->Extra kext: EFI\CLOVER\kexts\Other\WhateverGreen_v1.3.8.kext (v.1.3.8)
19:650  0:020  ->Extra kext: EFI\CLOVER\kexts\Other\SATA-200-series-unsupported.kext (v.0.5.1)
19:653  0:003  ->Extra kext: EFI\CLOVER\kexts\Other\HoRNDIS.kext (v.6)
19:658  0:005  Skipping kext injection by OSBundleRequired : EFI\CLOVER\kexts\Other\HoRNDIS.kext
19:658  0:000  ->Extra kext: EFI\CLOVER\kexts\Other\VoodooPS2Controller_v1.9.2.kext (v.1.9.2)
19:667  0:008      |-- PlugIn kext: EFI\CLOVER\kexts\Other\VoodooPS2Controller_v1.9.2.kext\Contents\PlugIns\VoodooPS2Mouse.kext (v.1.9.2)
19:674  0:007      |-- PlugIn kext: EFI\CLOVER\kexts\Other\VoodooPS2Controller_v1.9.2.kext\Contents\PlugIns\VoodooPS2Keyboard.kext (v.1.9.2)
19:682  0:008      |-- PlugIn kext: EFI\CLOVER\kexts\Other\VoodooPS2Controller_v1.9.2.kext\Contents\PlugIns\VoodooPS2Trackpad.kext (v.1.9.2)
19:692  0:010  ->Extra kext: EFI\CLOVER\kexts\Other\VegaGraphicsFixup.kext (v.1.2.4)
19:701  0:009  ->Extra kext: EFI\CLOVER\kexts\Other\AppleALC_v1.4.8.kext (v.1.4.8)
20:138  0:436  ->Extra kext: EFI\CLOVER\kexts\Other\AHCI_3rdParty_eSATA.kext (v.0.5)
20:172  0:034  ->Extra kext: EFI\CLOVER\kexts\Other\AppleIGB.kext (v.5.3.5)
20:195  0:023  ->Extra kext: EFI\CLOVER\kexts\Other\AppleIntelE1000e.kext (v.3.3.6)
20:211  0:016  ->Extra kext: EFI\CLOVER\kexts\Other\GenericUSBXHCI.kext (v.1.2.11)
20:221  0:009  ->Extra kext: EFI\CLOVER\kexts\Other\SATA-RAID-unsupported.kext (v.0.9.2)
20:225  0:003  ->Extra kext: EFI\CLOVER\kexts\Other\RealtekRTL8111.kext (v.2.3.0d7)
20:248  0:022  ->Extra kext: EFI\CLOVER\kexts\Other\VirtualSMC_v1.0.7.kext (v.1.0.7)
20:272  0:023  ->Extra kext: EFI\CLOVER\kexts\Other\XHCI-200-series-injector.kext (v.0.5.0)
20:275  0:003  ->Extra kext: EFI\CLOVER\kexts\Other\IntelMausiEthernet.kext (v.2.5.0d14)
20:289  0:014  ->Extra kext: EFI\CLOVER\kexts\Other\SATA-100-series-unsupported.kext (v.0.5.1)
20:293  0:003  ->Extra kext: EFI\CLOVER\kexts\Other\AtherosE2200Ethernet.kext (v.2.2.2)
20:300  0:007  ->Extra kext: EFI\CLOVER\kexts\Other\USBInjectAll_v0.7.4.kext (v.0.7.4)
20:779  0:478  ->Extra kext: EFI\CLOVER\kexts\Other\XHCI-300-series-injector.kext (v.0.5.0)
20:783  0:003  ->Extra kext: EFI\CLOVER\kexts\Other\NoTouchID.kext (v.1.0.2)
20:789  0:006  ->Extra kext: EFI\CLOVER\kexts\Other\Lilu_v1.4.3-Debug.kext (v.1.4.3)
20:811  0:022  ->Extra kext: EFI\CLOVER\kexts\Other\AirportBrcmFixup_v2.0.6.kext (v.2.0.6)
20:828  0:016  ->Extra kext: EFI\CLOVER\kexts\Other\AHCI_3rdParty_SATA.kext (v.0.5)
20:862  0:033  ->Extra kext: EFI\CLOVER\kexts\Other\RealtekRTL8100.kext (v.2.0.1)
20:874  0:012  Preparing kexts injection for arch=x86_64 from EFI\CLOVER\kexts\10
20:874  0:000  Preparing kexts injection for arch=x86_64 from EFI\CLOVER\kexts\10_install
20:874  0:000  Preparing kexts injection for arch=x86_64 from EFI\CLOVER\kexts\10.15
20:874  0:000  Preparing kexts injection for arch=x86_64 from EFI\CLOVER\kexts\10.15_install
20:874  0:000  Preparing kexts injection for arch=x86_64 from EFI\CLOVER\kexts\10.15.4
20:874  0:000  Preparing kexts injection for arch=x86_64 from EFI\CLOVER\kexts\10.15.4_install
20:875  0:001  SetStartupDiskVolume:
20:875  0:000    * Volume: 'Install macOS Catalina'
20:875  0:000    * LoaderPath: '\System\Library\CoreServices\boot.efi'
20:875  0:000    * DevPath: Install macOS Catalina
20:875  0:000    * GUID = 1F9B68A2-0AE3-44C8-A8AC-42424330DE59
20:876  0:000    * efi-boot-device: <array><dict><key>IOMatch</key><dict><key>IOProviderClass</key><string>IOMedia</string><key>IOPropertyMatch</key><dict><key>UUID</key><string>196A-A34C-8C4443D5</string></dict></dict></dict></array>
20:876  0:000  Custom boot screen not used because entry has unset use graphics
20:877  0:001  Closing log
